16:40:19 **** Incremental Build of configuration Debug for project stm32f103_fw ****
make -j8 all 
arm-none-eabi-gcc "../src/lib/cube_f103/USB_DEVICE/Target/usbd_conf.c" -mcpu=cortex-m3 -std=gnu11 -g3 -DSTM32F103xB -c -I"D:/00_STM32/STM32F103/stm32f103_fw_旮办12/stm32f103_fw/src" -I"D:/00_STM32/STM32F103/stm32f103_fw_旮办12/stm32f103_fw/src/common/hw/Include" -I"D:/00_STM32/STM32F103/stm32f103_fw_旮办12/stm32f103_fw/src/ap" -I"D:/00_STM32/STM32F103/stm32f103_fw_旮办12/stm32f103_fw/src/bsp" -I"D:/00_STM32/STM32F103/stm32f103_fw_旮办12/stm32f103_fw/src/common" -I"D:/00_STM32/STM32F103/stm32f103_fw_旮办12/stm32f103_fw/src/common/core" -I"D:/00_STM32/STM32F103/stm32f103_fw_旮办12/stm32f103_fw/src/hw" -I"D:/00_STM32/STM32F103/stm32f103_fw_旮办12/stm32f103_fw/src/lib" -I"D:/00_STM32/STM32F103/stm32f103_fw_旮办12/stm32f103_fw/src/lib/cube_f103/Drivers/CMSIS/Device/ST/STM32F1xx/Include" -I"D:/00_STM32/STM32F103/stm32f103_fw_旮办12/stm32f103_fw/src/lib/cube_f103/Drivers/CMSIS/Include" -I"D:/00_STM32/STM32F103/stm32f103_fw_旮办12/stm32f103_fw/src/lib/cube_f103/Drivers/STM32F1xx_HAL_Driver/Inc" -I"D:/00_STM32/STM32F103/stm32f103_fw_旮办12/stm32f103_fw/src/lib/cube_f103/Middlewares/ST/STM32_USB_Device_Library/Class/CDC/Inc" -I"D:/00_STM32/STM32F103/stm32f103_fw_旮办12/stm32f103_fw/src/lib/cube_f103/Middlewares/ST/STM32_USB_Device_Library/Core/Inc" -I"D:/00_STM32/STM32F103/stm32f103_fw_旮办12/stm32f103_fw/src/lib/cube_f103/USB_DEVICE/App" -I"D:/00_STM32/STM32F103/stm32f103_fw_旮办12/stm32f103_fw/src/lib/cube_f103/USB_DEVICE/Target" -O0 -ffunction-sections -fdata-sections -Wall -fstack-usage -MMD -MP -MF"src/lib/cube_f103/USB_DEVICE/Target/usbd_conf.d" -MT"src/lib/cube_f103/USB_DEVICE/Target/usbd_conf.o" --specs=nano.specs -mfloat-abi=soft -mthumb -o "src/lib/cube_f103/USB_DEVICE/Target/usbd_conf.o"
arm-none-eabi-gcc "../src/lib/cube_f103/USB_DEVICE/App/usb_device.c" -mcpu=cortex-m3 -std=gnu11 -g3 -DSTM32F103xB -c -I"D:/00_STM32/STM32F103/stm32f103_fw_旮办12/stm32f103_fw/src" -I"D:/00_STM32/STM32F103/stm32f103_fw_旮办12/stm32f103_fw/src/common/hw/Include" -I"D:/00_STM32/STM32F103/stm32f103_fw_旮办12/stm32f103_fw/src/ap" -I"D:/00_STM32/STM32F103/stm32f103_fw_旮办12/stm32f103_fw/src/bsp" -I"D:/00_STM32/STM32F103/stm32f103_fw_旮办12/stm32f103_fw/src/common" -I"D:/00_STM32/STM32F103/stm32f103_fw_旮办12/stm32f103_fw/src/common/core" -I"D:/00_STM32/STM32F103/stm32f103_fw_旮办12/stm32f103_fw/src/hw" -I"D:/00_STM32/STM32F103/stm32f103_fw_旮办12/stm32f103_fw/src/lib" -I"D:/00_STM32/STM32F103/stm32f103_fw_旮办12/stm32f103_fw/src/lib/cube_f103/Drivers/CMSIS/Device/ST/STM32F1xx/Include" -I"D:/00_STM32/STM32F103/stm32f103_fw_旮办12/stm32f103_fw/src/lib/cube_f103/Drivers/CMSIS/Include" -I"D:/00_STM32/STM32F103/stm32f103_fw_旮办12/stm32f103_fw/src/lib/cube_f103/Drivers/STM32F1xx_HAL_Driver/Inc" -I"D:/00_STM32/STM32F103/stm32f103_fw_旮办12/stm32f103_fw/src/lib/cube_f103/Middlewares/ST/STM32_USB_Device_Library/Class/CDC/Inc" -I"D:/00_STM32/STM32F103/stm32f103_fw_旮办12/stm32f103_fw/src/lib/cube_f103/Middlewares/ST/STM32_USB_Device_Library/Core/Inc" -I"D:/00_STM32/STM32F103/stm32f103_fw_旮办12/stm32f103_fw/src/lib/cube_f103/USB_DEVICE/App" -I"D:/00_STM32/STM32F103/stm32f103_fw_旮办12/stm32f103_fw/src/lib/cube_f103/USB_DEVICE/Target" -O0 -ffunction-sections -fdata-sections -Wall -fstack-usage -MMD -MP -MF"src/lib/cube_f103/USB_DEVICE/App/usb_device.d" -MT"src/lib/cube_f103/USB_DEVICE/App/usb_device.o" --specs=nano.specs -mfloat-abi=soft -mthumb -o "src/lib/cube_f103/USB_DEVICE/App/usb_device.o"
arm-none-eabi-gcc "../src/lib/cube_f103/USB_DEVICE/App/usbd_cdc_if.c" -mcpu=cortex-m3 -std=gnu11 -g3 -DSTM32F103xB -c -I"D:/00_STM32/STM32F103/stm32f103_fw_旮办12/stm32f103_fw/src" -I"D:/00_STM32/STM32F103/stm32f103_fw_旮办12/stm32f103_fw/src/common/hw/Include" -I"D:/00_STM32/STM32F103/stm32f103_fw_旮办12/stm32f103_fw/src/ap" -I"D:/00_STM32/STM32F103/stm32f103_fw_旮办12/stm32f103_fw/src/bsp" -I"D:/00_STM32/STM32F103/stm32f103_fw_旮办12/stm32f103_fw/src/common" -I"D:/00_STM32/STM32F103/stm32f103_fw_旮办12/stm32f103_fw/src/common/core" -I"D:/00_STM32/STM32F103/stm32f103_fw_旮办12/stm32f103_fw/src/hw" -I"D:/00_STM32/STM32F103/stm32f103_fw_旮办12/stm32f103_fw/src/lib" -I"D:/00_STM32/STM32F103/stm32f103_fw_旮办12/stm32f103_fw/src/lib/cube_f103/Drivers/CMSIS/Device/ST/STM32F1xx/Include" -I"D:/00_STM32/STM32F103/stm32f103_fw_旮办12/stm32f103_fw/src/lib/cube_f103/Drivers/CMSIS/Include" -I"D:/00_STM32/STM32F103/stm32f103_fw_旮办12/stm32f103_fw/src/lib/cube_f103/Drivers/STM32F1xx_HAL_Driver/Inc" -I"D:/00_STM32/STM32F103/stm32f103_fw_旮办12/stm32f103_fw/src/lib/cube_f103/Middlewares/ST/STM32_USB_Device_Library/Class/CDC/Inc" -I"D:/00_STM32/STM32F103/stm32f103_fw_旮办12/stm32f103_fw/src/lib/cube_f103/Middlewares/ST/STM32_USB_Device_Library/Core/Inc" -I"D:/00_STM32/STM32F103/stm32f103_fw_旮办12/stm32f103_fw/src/lib/cube_f103/USB_DEVICE/App" -I"D:/00_STM32/STM32F103/stm32f103_fw_旮办12/stm32f103_fw/src/lib/cube_f103/USB_DEVICE/Target" -O0 -ffunction-sections -fdata-sections -Wall -fstack-usage -MMD -MP -MF"src/lib/cube_f103/USB_DEVICE/App/usbd_cdc_if.d" -MT"src/lib/cube_f103/USB_DEVICE/App/usbd_cdc_if.o" --specs=nano.specs -mfloat-abi=soft -mthumb -o "src/lib/cube_f103/USB_DEVICE/App/usbd_cdc_if.o"
arm-none-eabi-gcc "../src/lib/cube_f103/USB_DEVICE/App/usbd_desc.c" -mcpu=cortex-m3 -std=gnu11 -g3 -DSTM32F103xB -c -I"D:/00_STM32/STM32F103/stm32f103_fw_旮办12/stm32f103_fw/src" -I"D:/00_STM32/STM32F103/stm32f103_fw_旮办12/stm32f103_fw/src/common/hw/Include" -I"D:/00_STM32/STM32F103/stm32f103_fw_旮办12/stm32f103_fw/src/ap" -I"D:/00_STM32/STM32F103/stm32f103_fw_旮办12/stm32f103_fw/src/bsp" -I"D:/00_STM32/STM32F103/stm32f103_fw_旮办12/stm32f103_fw/src/common" -I"D:/00_STM32/STM32F103/stm32f103_fw_旮办12/stm32f103_fw/src/common/core" -I"D:/00_STM32/STM32F103/stm32f103_fw_旮办12/stm32f103_fw/src/hw" -I"D:/00_STM32/STM32F103/stm32f103_fw_旮办12/stm32f103_fw/src/lib" -I"D:/00_STM32/STM32F103/stm32f103_fw_旮办12/stm32f103_fw/src/lib/cube_f103/Drivers/CMSIS/Device/ST/STM32F1xx/Include" -I"D:/00_STM32/STM32F103/stm32f103_fw_旮办12/stm32f103_fw/src/lib/cube_f103/Drivers/CMSIS/Include" -I"D:/00_STM32/STM32F103/stm32f103_fw_旮办12/stm32f103_fw/src/lib/cube_f103/Drivers/STM32F1xx_HAL_Driver/Inc" -I"D:/00_STM32/STM32F103/stm32f103_fw_旮办12/stm32f103_fw/src/lib/cube_f103/Middlewares/ST/STM32_USB_Device_Library/Class/CDC/Inc" -I"D:/00_STM32/STM32F103/stm32f103_fw_旮办12/stm32f103_fw/src/lib/cube_f103/Middlewares/ST/STM32_USB_Device_Library/Core/Inc" -I"D:/00_STM32/STM32F103/stm32f103_fw_旮办12/stm32f103_fw/src/lib/cube_f103/USB_DEVICE/App" -I"D:/00_STM32/STM32F103/stm32f103_fw_旮办12/stm32f103_fw/src/lib/cube_f103/USB_DEVICE/Target" -O0 -ffunction-sections -fdata-sections -Wall -fstack-usage -MMD -MP -MF"src/lib/cube_f103/USB_DEVICE/App/usbd_desc.d" -MT"src/lib/cube_f103/USB_DEVICE/App/usbd_desc.o" --specs=nano.specs -mfloat-abi=soft -mthumb -o "src/lib/cube_f103/USB_DEVICE/App/usbd_desc.o"
arm-none-eabi-gcc "../src/lib/cube_f103/Middlewares/ST/STM32_USB_Device_Library/Core/Src/usbd_core.c" -mcpu=cortex-m3 -std=gnu11 -g3 -DSTM32F103xB -c -I"D:/00_STM32/STM32F103/stm32f103_fw_旮办12/stm32f103_fw/src" -I"D:/00_STM32/STM32F103/stm32f103_fw_旮办12/stm32f103_fw/src/common/hw/Include" -I"D:/00_STM32/STM32F103/stm32f103_fw_旮办12/stm32f103_fw/src/ap" -I"D:/00_STM32/STM32F103/stm32f103_fw_旮办12/stm32f103_fw/src/bsp" -I"D:/00_STM32/STM32F103/stm32f103_fw_旮办12/stm32f103_fw/src/common" -I"D:/00_STM32/STM32F103/stm32f103_fw_旮办12/stm32f103_fw/src/common/core" -I"D:/00_STM32/STM32F103/stm32f103_fw_旮办12/stm32f103_fw/src/hw" -I"D:/00_STM32/STM32F103/stm32f103_fw_旮办12/stm32f103_fw/src/lib" -I"D:/00_STM32/STM32F103/stm32f103_fw_旮办12/stm32f103_fw/src/lib/cube_f103/Drivers/CMSIS/Device/ST/STM32F1xx/Include" -I"D:/00_STM32/STM32F103/stm32f103_fw_旮办12/stm32f103_fw/src/lib/cube_f103/Drivers/CMSIS/Include" -I"D:/00_STM32/STM32F103/stm32f103_fw_旮办12/stm32f103_fw/src/lib/cube_f103/Drivers/STM32F1xx_HAL_Driver/Inc" -I"D:/00_STM32/STM32F103/stm32f103_fw_旮办12/stm32f103_fw/src/lib/cube_f103/Middlewares/ST/STM32_USB_Device_Library/Class/CDC/Inc" -I"D:/00_STM32/STM32F103/stm32f103_fw_旮办12/stm32f103_fw/src/lib/cube_f103/Middlewares/ST/STM32_USB_Device_Library/Core/Inc" -I"D:/00_STM32/STM32F103/stm32f103_fw_旮办12/stm32f103_fw/src/lib/cube_f103/USB_DEVICE/App" -I"D:/00_STM32/STM32F103/stm32f103_fw_旮办12/stm32f103_fw/src/lib/cube_f103/USB_DEVICE/Target" -O0 -ffunction-sections -fdata-sections -Wall -fstack-usage -MMD -MP -MF"src/lib/cube_f103/Middlewares/ST/STM32_USB_Device_Library/Core/Src/usbd_core.d" -MT"src/lib/cube_f103/Middlewares/ST/STM32_USB_Device_Library/Core/Src/usbd_core.o" --specs=nano.specs -mfloat-abi=soft -mthumb -o "src/lib/cube_f103/Middlewares/ST/STM32_USB_Device_Library/Core/Src/usbd_core.o"
arm-none-eabi-gcc "../src/lib/cube_f103/Middlewares/ST/STM32_USB_Device_Library/Core/Src/usbd_ctlreq.c" -mcpu=cortex-m3 -std=gnu11 -g3 -DSTM32F103xB -c -I"D:/00_STM32/STM32F103/stm32f103_fw_旮办12/stm32f103_fw/src" -I"D:/00_STM32/STM32F103/stm32f103_fw_旮办12/stm32f103_fw/src/common/hw/Include" -I"D:/00_STM32/STM32F103/stm32f103_fw_旮办12/stm32f103_fw/src/ap" -I"D:/00_STM32/STM32F103/stm32f103_fw_旮办12/stm32f103_fw/src/bsp" -I"D:/00_STM32/STM32F103/stm32f103_fw_旮办12/stm32f103_fw/src/common" -I"D:/00_STM32/STM32F103/stm32f103_fw_旮办12/stm32f103_fw/src/common/core" -I"D:/00_STM32/STM32F103/stm32f103_fw_旮办12/stm32f103_fw/src/hw" -I"D:/00_STM32/STM32F103/stm32f103_fw_旮办12/stm32f103_fw/src/lib" -I"D:/00_STM32/STM32F103/stm32f103_fw_旮办12/stm32f103_fw/src/lib/cube_f103/Drivers/CMSIS/Device/ST/STM32F1xx/Include" -I"D:/00_STM32/STM32F103/stm32f103_fw_旮办12/stm32f103_fw/src/lib/cube_f103/Drivers/CMSIS/Include" -I"D:/00_STM32/STM32F103/stm32f103_fw_旮办12/stm32f103_fw/src/lib/cube_f103/Drivers/STM32F1xx_HAL_Driver/Inc" -I"D:/00_STM32/STM32F103/stm32f103_fw_旮办12/stm32f103_fw/src/lib/cube_f103/Middlewares/ST/STM32_USB_Device_Library/Class/CDC/Inc" -I"D:/00_STM32/STM32F103/stm32f103_fw_旮办12/stm32f103_fw/src/lib/cube_f103/Middlewares/ST/STM32_USB_Device_Library/Core/Inc" -I"D:/00_STM32/STM32F103/stm32f103_fw_旮办12/stm32f103_fw/src/lib/cube_f103/USB_DEVICE/App" -I"D:/00_STM32/STM32F103/stm32f103_fw_旮办12/stm32f103_fw/src/lib/cube_f103/USB_DEVICE/Target" -O0 -ffunction-sections -fdata-sections -Wall -fstack-usage -MMD -MP -MF"src/lib/cube_f103/Middlewares/ST/STM32_USB_Device_Library/Core/Src/usbd_ctlreq.d" -MT"src/lib/cube_f103/Middlewares/ST/STM32_USB_Device_Library/Core/Src/usbd_ctlreq.o" --specs=nano.specs -mfloat-abi=soft -mthumb -o "src/lib/cube_f103/Middlewares/ST/STM32_USB_Device_Library/Core/Src/usbd_ctlreq.o"
arm-none-eabi-gcc "../src/lib/cube_f103/Middlewares/ST/STM32_USB_Device_Library/Core/Src/usbd_ioreq.c" -mcpu=cortex-m3 -std=gnu11 -g3 -DSTM32F103xB -c -I"D:/00_STM32/STM32F103/stm32f103_fw_旮办12/stm32f103_fw/src" -I"D:/00_STM32/STM32F103/stm32f103_fw_旮办12/stm32f103_fw/src/common/hw/Include" -I"D:/00_STM32/STM32F103/stm32f103_fw_旮办12/stm32f103_fw/src/ap" -I"D:/00_STM32/STM32F103/stm32f103_fw_旮办12/stm32f103_fw/src/bsp" -I"D:/00_STM32/STM32F103/stm32f103_fw_旮办12/stm32f103_fw/src/common" -I"D:/00_STM32/STM32F103/stm32f103_fw_旮办12/stm32f103_fw/src/common/core" -I"D:/00_STM32/STM32F103/stm32f103_fw_旮办12/stm32f103_fw/src/hw" -I"D:/00_STM32/STM32F103/stm32f103_fw_旮办12/stm32f103_fw/src/lib" -I"D:/00_STM32/STM32F103/stm32f103_fw_旮办12/stm32f103_fw/src/lib/cube_f103/Drivers/CMSIS/Device/ST/STM32F1xx/Include" -I"D:/00_STM32/STM32F103/stm32f103_fw_旮办12/stm32f103_fw/src/lib/cube_f103/Drivers/CMSIS/Include" -I"D:/00_STM32/STM32F103/stm32f103_fw_旮办12/stm32f103_fw/src/lib/cube_f103/Drivers/STM32F1xx_HAL_Driver/Inc" -I"D:/00_STM32/STM32F103/stm32f103_fw_旮办12/stm32f103_fw/src/lib/cube_f103/Middlewares/ST/STM32_USB_Device_Library/Class/CDC/Inc" -I"D:/00_STM32/STM32F103/stm32f103_fw_旮办12/stm32f103_fw/src/lib/cube_f103/Middlewares/ST/STM32_USB_Device_Library/Core/Inc" -I"D:/00_STM32/STM32F103/stm32f103_fw_旮办12/stm32f103_fw/src/lib/cube_f103/USB_DEVICE/App" -I"D:/00_STM32/STM32F103/stm32f103_fw_旮办12/stm32f103_fw/src/lib/cube_f103/USB_DEVICE/Target" -O0 -ffunction-sections -fdata-sections -Wall -fstack-usage -MMD -MP -MF"src/lib/cube_f103/Middlewares/ST/STM32_USB_Device_Library/Core/Src/usbd_ioreq.d" -MT"src/lib/cube_f103/Middlewares/ST/STM32_USB_Device_Library/Core/Src/usbd_ioreq.o" --specs=nano.specs -mfloat-abi=soft -mthumb -o "src/lib/cube_f103/Middlewares/ST/STM32_USB_Device_Library/Core/Src/usbd_ioreq.o"
arm-none-eabi-gcc "../src/lib/cube_f103/Middlewares/ST/STM32_USB_Device_Library/Class/CDC/Src/usbd_cdc.c" -mcpu=cortex-m3 -std=gnu11 -g3 -DSTM32F103xB -c -I"D:/00_STM32/STM32F103/stm32f103_fw_旮办12/stm32f103_fw/src" -I"D:/00_STM32/STM32F103/stm32f103_fw_旮办12/stm32f103_fw/src/common/hw/Include" -I"D:/00_STM32/STM32F103/stm32f103_fw_旮办12/stm32f103_fw/src/ap" -I"D:/00_STM32/STM32F103/stm32f103_fw_旮办12/stm32f103_fw/src/bsp" -I"D:/00_STM32/STM32F103/stm32f103_fw_旮办12/stm32f103_fw/src/common" -I"D:/00_STM32/STM32F103/stm32f103_fw_旮办12/stm32f103_fw/src/common/core" -I"D:/00_STM32/STM32F103/stm32f103_fw_旮办12/stm32f103_fw/src/hw" -I"D:/00_STM32/STM32F103/stm32f103_fw_旮办12/stm32f103_fw/src/lib" -I"D:/00_STM32/STM32F103/stm32f103_fw_旮办12/stm32f103_fw/src/lib/cube_f103/Drivers/CMSIS/Device/ST/STM32F1xx/Include" -I"D:/00_STM32/STM32F103/stm32f103_fw_旮办12/stm32f103_fw/src/lib/cube_f103/Drivers/CMSIS/Include" -I"D:/00_STM32/STM32F103/stm32f103_fw_旮办12/stm32f103_fw/src/lib/cube_f103/Drivers/STM32F1xx_HAL_Driver/Inc" -I"D:/00_STM32/STM32F103/stm32f103_fw_旮办12/stm32f103_fw/src/lib/cube_f103/Middlewares/ST/STM32_USB_Device_Library/Class/CDC/Inc" -I"D:/00_STM32/STM32F103/stm32f103_fw_旮办12/stm32f103_fw/src/lib/cube_f103/Middlewares/ST/STM32_USB_Device_Library/Core/Inc" -I"D:/00_STM32/STM32F103/stm32f103_fw_旮办12/stm32f103_fw/src/lib/cube_f103/USB_DEVICE/App" -I"D:/00_STM32/STM32F103/stm32f103_fw_旮办12/stm32f103_fw/src/lib/cube_f103/USB_DEVICE/Target" -O0 -ffunction-sections -fdata-sections -Wall -fstack-usage -MMD -MP -MF"src/lib/cube_f103/Middlewares/ST/STM32_USB_Device_Library/Class/CDC/Src/usbd_cdc.d" -MT"src/lib/cube_f103/Middlewares/ST/STM32_USB_Device_Library/Class/CDC/Src/usbd_cdc.o" --specs=nano.specs -mfloat-abi=soft -mthumb -o "src/lib/cube_f103/Middlewares/ST/STM32_USB_Device_Library/Class/CDC/Src/usbd_cdc.o"
cc1.exe: error: D:/00_STM32/STM32F103/stm32f103_fw_?⒋⒋∑?⒋?12/stm32f103_fw/src: Invalid argument
cc1.exe: error: D:/00_STM32/STM32F103/stm32f103_fw_?⒋⒋∑?⒋?12/stm32f103_fw/src/common/hw/Include: Invalid argument
cc1.exe: error: D:/00_STM32/STM32F103/stm32f103_fw_?⒋⒋∑?⒋?12/stm32f103_fw/src/ap: Invalid argument
cc1.exe: error: D:/00_STM32/STM32F103/stm32f103_fw_?⒋⒋∑?⒋?12/stm32f103_fw/src/bsp: Invalid argument
cc1.exe: error: D:/00_STM32/STM32F103/stm32f103_fw_?⒋⒋∑?⒋?12/stm32f103_fw/src/common: Invalid argument
cc1.exe: error: D:/00_STM32/STM32F103/stm32f103_fw_?⒋⒋∑?⒋?12/stm32f103_fw/src/common/core: Invalid argument
cc1.exe: error: D:/00_STM32/STM32F103/stm32f103_fw_?⒋⒋∑?⒋?12/stm32f103_fw/src/hw: Invalid argument
cc1.exe: error: D:/00_STM32/STM32F103/stm32f103_fw_?⒋⒋∑?⒋?12/stm32f103_fw/src/lib: Invalid argument
cc1.exe: error: D:/00_STM32/STM32F103/stm32f103_fw_?⒋⒋∑?⒋?12/stm32f103_fw/src/lib/cube_f103/Drivers/CMSIS/Device/ST/STM32F1xx/Include: Invalid argument
cc1.exe: error: D:/00_STM32/STM32F103/stm32f103_fw_?⒋⒋∑?⒋?12/stm32f103_fw/src/lib/cube_f103/Drivers/CMSIS/Include: Invalid argument
cc1.exe: error: D:/00_STM32/STM32F103/stm32f103_fw_?⒋⒋∑?⒋?12/stm32f103_fw/src/lib/cube_f103/Drivers/STM32F1xx_HAL_Driver/Inc: Invalid argument
cc1.exe: error: D:/00_STM32/STM32F103/stm32f103_fw_?⒋⒋∑?⒋?12/stm32f103_fw/src/lib/cube_f103/Middlewares/ST/STM32_USB_Device_Library/Class/CDC/Inc: Invalid argument
cc1.exe: error: D:/00_STM32/STM32F103/stm32f103_fw_?⒋⒋∑?⒋?12/stm32f103_fw/src/lib/cube_f103/Middlewares/ST/STM32_USB_Device_Library/Core/Inc: Invalid argument
cc1.exe: error: D:/00_STM32/STM32F103/stm32f103_fw_?⒋⒋∑?⒋?12/stm32f103_fw/src/lib/cube_f103/USB_DEVICE/App: Invalid argument
cc1.exe: error: D:/00_STM32/STM32F103/stm32f103_fw_?⒋⒋∑?⒋?12/stm32f103_fw/src/lib/cube_f103/USB_DEVICE/Target: Invalid argument
cc1.exe: error: D:/00_STM32/STM32F103/stm32f103_fw_?⒋⒋∑?⒋?12/stm32f103_fw/src: Invalid argument
cc1.exe: error: D:/00_STM32/STM32F103/stm32f103_fw_?⒋⒋∑?⒋?12/stm32f103_fw/src/common/hw/Include: Invalid argument
cc1.exe: error: D:/00_STM32/STM32F103/stm32f103_fw_?⒋⒋∑?⒋?12/stm32f103_fw/src/ap: Invalid argument
cc1.exe: error: D:/00_STM32/STM32F103/stm32f103_fw_?⒋⒋∑?⒋?12/stm32f103_fw/src/bsp: Invalid argument
cc1.exe: error: D:/00_STM32/STM32F103/stm32f103_fw_?⒋⒋∑?⒋?12/stm32f103_fw/src/common: Invalid argument
cc1.exe: error: D:/00_STM32/STM32F103/stm32f103_fw_?⒋⒋∑?⒋?12/stm32f103_fw/src/common/core: Invalid argument
cc1.exe: error: D:/00_STM32/STM32F103/stm32f103_fw_?⒋⒋∑?⒋?12/stm32f103_fw/src/hw: Invalid argument
cc1.exe: error: D:/00_STM32/STM32F103/stm32f103_fw_?⒋⒋∑?⒋?12/stm32f103_fw/src/lib: Invalid argument
cc1.exe: error: D:/00_STM32/STM32F103/stm32f103_fw_?⒋⒋∑?⒋?12/stm32f103_fw/src/lib/cube_f103/Drivers/CMSIS/Device/ST/STM32F1xx/Include: Invalid argument
cc1.exe: error: D:/00_STM32/STM32F103/stm32f103_fw_?⒋⒋∑?⒋?12/stm32f103_fw/src/lib/cube_f103/Drivers/CMSIS/Include: Invalid argument
cc1.exe: error: D:/00_STM32/STM32F103/stm32f103_fw_?⒋⒋∑?⒋?12/stm32f103_fw/src/lib/cube_f103/Drivers/STM32F1xx_HAL_Driver/Inc: Invalid argument
cc1.exe: error: D:/00_STM32/STM32F103/stm32f103_fw_?⒋⒋∑?⒋?12/stm32f103_fw/src/lib/cube_f103/Middlewares/ST/STM32_USB_Device_Library/Class/CDC/Inc: Invalid argument
cc1.exe: error: D:/00_STM32/STM32F103/stm32f103_fw_?⒋⒋∑?⒋?12/stm32f103_fw/src/lib/cube_f103/Middlewares/ST/STM32_USB_Device_Library/Core/Inc: Invalid argument
cc1.exe: error: D:/00_STM32/STM32F103/stm32f103_fw_?⒋⒋∑?⒋?12/stm32f103_fw/src/lib/cube_f103/USB_DEVICE/App: Invalid argument
cc1.exe: error: D:/00_STM32/STM32F103/stm32f103_fw_?⒋⒋∑?⒋?12/stm32f103_fw/src/lib/cube_f103/USB_DEVICE/Target: Invalid argument
cc1.exe: error: D:/00_STM32/STM32F103/stm32f103_fw_?⒋⒋∑?⒋?12/stm32f103_fw/src: Invalid argument
cc1.exe: error: D:/00_STM32/STM32F103/stm32f103_fw_?⒋⒋∑?⒋?12/stm32f103_fw/src/common/hw/Include: Invalid argument
cc1.exe: error: D:/00_STM32/STM32F103/stm32f103_fw_?⒋⒋∑?⒋?12/stm32f103_fw/src/ap: Invalid argument
cc1.exe: error: D:/00_STM32/STM32F103/stm32f103_fw_?⒋⒋∑?⒋?12/stm32f103_fw/src/bsp: Invalid argument
cc1.exe: error: D:/00_STM32/STM32F103/stm32f103_fw_?⒋⒋∑?⒋?12/stm32f103_fw/src/common: Invalid argument
cc1.exe: error: D:/00_STM32/STM32F103/stm32f103_fw_?⒋⒋∑?⒋?12/stm32f103_fw/src/common/core: Invalid argument
cc1.exe: error: D:/00_STM32/STM32F103/stm32f103_fw_?⒋⒋∑?⒋?12/stm32f103_fw/src/hw: Invalid argument
cc1.exe: error: D:/00_STM32/STM32F103/stm32f103_fw_?⒋⒋∑?⒋?12/stm32f103_fw/src/lib: Invalid argument
cc1.exe: error: D:/00_STM32/STM32F103/stm32f103_fw_?⒋⒋∑?⒋?12/stm32f103_fw/src/lib/cube_f103/Drivers/CMSIS/Device/ST/STM32F1xx/Include: Invalid argument
cc1.exe: error: D:/00_STM32/STM32F103/stm32f103_fw_?⒋⒋∑?⒋?12/stm32f103_fw/src/lib/cube_f103/Drivers/CMSIS/Include: Invalid argument
cc1.exe: error: D:/00_STM32/STM32F103/stm32f103_fw_?⒋⒋∑?⒋?12/stm32f103_fw/src/lib/cube_f103/Drivers/STM32F1xx_HAL_Driver/Inc: Invalid argument
cc1.exe: error: D:/00_STM32/STM32F103/stm32f103_fw_?⒋⒋∑?⒋?12/stm32f103_fw/src/lib/cube_f103/Middlewares/ST/STM32_USB_Device_Library/Class/CDC/Inc: Invalid argument
cc1.exe: error: D:/00_STM32/STM32F103/stm32f103_fw_?⒋⒋∑?⒋?12/stm32f103_fw/src/lib/cube_f103/Middlewares/ST/STM32_USB_Device_Library/Core/Inc: Invalid argument
cc1.exe: error: D:/00_STM32/STM32F103/stm32f103_fw_?⒋⒋∑?⒋?12/stm32f103_fw/src/lib/cube_f103/USB_DEVICE/App: Invalid argument
cc1.exe: error: D:/00_STM32/STM32F103/stm32f103_fw_?⒋⒋∑?⒋?12/stm32f103_fw/src/lib/cube_f103/USB_DEVICE/Target: Invalid argument
cc1.exe: error: D:/00_STM32/STM32F103/stm32f103_fw_?⒋⒋∑?⒋?12/stm32f103_fw/src: Invalid argument
cc1.exe: error: D:/00_STM32/STM32F103/stm32f103_fw_?⒋⒋∑?⒋?12/stm32f103_fw/src/common/hw/Include: Invalid argument
cc1.exe: error: D:/00_STM32/STM32F103/stm32f103_fw_?⒋⒋∑?⒋?12/stm32f103_fw/src/ap: Invalid argument
cc1.exe: error: D:/00_STM32/STM32F103/stm32f103_fw_?⒋⒋∑?⒋?12/stm32f103_fw/src/bsp: Invalid argument
cc1.exe: error: D:/00_STM32/STM32F103/stm32f103_fw_?⒋⒋∑?⒋?12/stm32f103_fw/src/common: Invalid argument
cc1.exe: error: D:/00_STM32/STM32F103/stm32f103_fw_?⒋⒋∑?⒋?12/stm32f103_fw/src/common/core: Invalid argument
cc1.exe: error: D:/00_STM32/STM32F103/stm32f103_fw_?⒋⒋∑?⒋?12/stm32f103_fw/src/hw: Invalid argument
cc1.exe: error: D:/00_STM32/STM32F103/stm32f103_fw_?⒋⒋∑?⒋?12/stm32f103_fw/src/lib: Invalid argument
cc1.exe: error: D:/00_STM32/STM32F103/stm32f103_fw_?⒋⒋∑?⒋?12/stm32f103_fw/src/lib/cube_f103/Drivers/CMSIS/Device/ST/STM32F1xx/Include: Invalid argument
cc1.exe: error: D:/00_STM32/STM32F103/stm32f103_fw_?⒋⒋∑?⒋?12/stm32f103_fw/src/lib/cube_f103/Drivers/CMSIS/Include: Invalid argument
cc1.exe: error: D:/00_STM32/STM32F103/stm32f103_fw_?⒋⒋∑?⒋?12/stm32f103_fw/src/lib/cube_f103/Drivers/STM32F1xx_HAL_Driver/Inc: Invalid argument
cc1.exe: error: D:/00_STM32/STM32F103/stm32f103_fw_?⒋⒋∑?⒋?12/stm32f103_fw/src/lib/cube_f103/Middlewares/ST/STM32_USB_Device_Library/Class/CDC/Inc: Invalid argument
cc1.exe: error: D:/00_STM32/STM32F103/stm32f103_fw_?⒋⒋∑?⒋?12/stm32f103_fw/src/lib/cube_f103/Middlewares/ST/STM32_USB_Device_Library/Core/Inc: Invalid argument
cc1.exe: error: D:/00_STM32/STM32F103/stm32f103_fw_?⒋⒋∑?⒋?12/stm32f103_fw/src/lib/cube_f103/USB_DEVICE/App: Invalid argument
cc1.exe: error: D:/00_STM32/STM32F103/stm32f103_fw_?⒋⒋∑?⒋?12/stm32f103_fw/src/lib/cube_f103/USB_DEVICE/Target: Invalid argument
cc1.exe: error: D:/00_STM32/STM32F103/stm32f103_fw_?⒋⒋∑?⒋?12/stm32f103_fw/src: Invalid argument
cc1.exe: error: D:/00_STM32/STM32F103/stm32f103_fw_?⒋⒋∑?⒋?12/stm32f103_fw/src/common/hw/Include: Invalid argument
cc1.exe: error: D:/00_STM32/STM32F103/stm32f103_fw_?⒋⒋∑?⒋?12/stm32f103_fw/src/ap: Invalid argument
cc1.exe: error: D:/00_STM32/STM32F103/stm32f103_fw_?⒋⒋∑?⒋?12/stm32f103_fw/src/bsp: Invalid argument
cc1.exe: error: D:/00_STM32/STM32F103/stm32f103_fw_?⒋⒋∑?⒋?12/stm32f103_fw/src/common: Invalid argument
cc1.exe: error: D:/00_STM32/STM32F103/stm32f103_fw_?⒋⒋∑?⒋?12/stm32f103_fw/src/common/core: Invalid argument
cc1.exe: error: D:/00_STM32/STM32F103/stm32f103_fw_?⒋⒋∑?⒋?12/stm32f103_fw/src/hw: Invalid argument
cc1.exe: error: D:/00_STM32/STM32F103/stm32f103_fw_?⒋⒋∑?⒋?12/stm32f103_fw/src/lib: Invalid argument
cc1.exe: error: D:/00_STM32/STM32F103/stm32f103_fw_?⒋⒋∑?⒋?12/stm32f103_fw/src/lib/cube_f103/Drivers/CMSIS/Device/ST/STM32F1xx/Include: Invalid argument
cc1.exe: error: D:/00_STM32/STM32F103/stm32f103_fw_?⒋⒋∑?⒋?12/stm32f103_fw/src/lib/cube_f103/Drivers/CMSIS/Include: Invalid argument
cc1.exe: error: D:/00_STM32/STM32F103/stm32f103_fw_?⒋⒋∑?⒋?12/stm32f103_fw/src/lib/cube_f103/Drivers/STM32F1xx_HAL_Driver/Inc: Invalid argument
cc1.exe: error: D:/00_STM32/STM32F103/stm32f103_fw_?⒋⒋∑?⒋?12/stm32f103_fw/src/lib/cube_f103/Middlewares/ST/STM32_USB_Device_Library/Class/CDC/Inc: Invalid argument
cc1.exe: error: D:/00_STM32/STM32F103/stm32f103_fw_?⒋⒋∑?⒋?12/stm32f103_fw/src/lib/cube_f103/Middlewares/ST/STM32_USB_Device_Library/Core/Inc: Invalid argument
cc1.exe: error: D:/00_STM32/STM32F103/stm32f103_fw_?⒋⒋∑?⒋?12/stm32f103_fw/src/lib/cube_f103/USB_DEVICE/App: Invalid argument
cc1.exe: error: D:/00_STM32/STM32F103/stm32f103_fw_?⒋⒋∑?⒋?12/stm32f103_fw/src/lib/cube_f103/USB_DEVICE/Target: Invalid argument
make: *** [src/lib/cube_f103/Middlewares/ST/STM32_USB_Device_Library/Core/Src/subdir.mk:25: src/lib/cube_f103/Middlewares/ST/STM32_USB_Device_Library/Core/Src/usbd_ctlreq.o] Error 1
make: *** Waiting for unfinished jobs....
cc1.exe: error: D:/00_STM32/STM32F103/stm32f103_fw_?⒋⒋∑?⒋?12/stm32f103_fw/src: Invalid argument
cc1.exe: error: D:/00_STM32/STM32F103/stm32f103_fw_?⒋⒋∑?⒋?12/stm32f103_fw/src/common/hw/Include: Invalid argument
cc1.exe: error: D:/00_STM32/STM32F103/stm32f103_fw_?⒋⒋∑?⒋?12/stm32f103_fw/src/ap: Invalid argument
cc1.exe: error: D:/00_STM32/STM32F103/stm32f103_fw_?⒋⒋∑?⒋?12/stm32f103_fw/src/bsp: Invalid argument
cc1.exe: error: D:/00_STM32/STM32F103/stm32f103_fw_?⒋⒋∑?⒋?12/stm32f103_fw/src/common: Invalid argument
cc1.exe: error: D:/00_STM32/STM32F103/stm32f103_fw_?⒋⒋∑?⒋?12/stm32f103_fw/src/common/core: Invalid argument
cc1.exe: error: D:/00_STM32/STM32F103/stm32f103_fw_?⒋⒋∑?⒋?12/stm32f103_fw/src/hw: Invalid argument
cc1.exe: error: D:/00_STM32/STM32F103/stm32f103_fw_?⒋⒋∑?⒋?12/stm32f103_fw/src/lib: Invalid argument
cc1.exe: error: D:/00_STM32/STM32F103/stm32f103_fw_?⒋⒋∑?⒋?12/stm32f103_fw/src/lib/cube_f103/Drivers/CMSIS/Device/ST/STM32F1xx/Include: Invalid argument
cc1.exe: error: D:/00_STM32/STM32F103/stm32f103_fw_?⒋⒋∑?⒋?12/stm32f103_fw/src/lib/cube_f103/Drivers/CMSIS/Include: Invalid argument
cc1.exe: error: D:/00_STM32/STM32F103/stm32f103_fw_?⒋⒋∑?⒋?12/stm32f103_fw/src/lib/cube_f103/Drivers/STM32F1xx_HAL_Driver/Inc: Invalid argument
cc1.exe: error: D:/00_STM32/STM32F103/stm32f103_fw_?⒋⒋∑?⒋?12/stm32f103_fw/src/lib/cube_f103/Middlewares/ST/STM32_USB_Device_Library/Class/CDC/Inc: Invalid argument
cc1.exe: error: D:/00_STM32/STM32F103/stm32f103_fw_?⒋⒋∑?⒋?12/stm32f103_fw/src/lib/cube_f103/Middlewares/ST/STM32_USB_Device_Library/Core/Inc: Invalid argument
cc1.exe: error: D:/00_STM32/STM32F103/stm32f103_fw_?⒋⒋∑?⒋?12/stm32f103_fw/src/lib/cube_f103/USB_DEVICE/App: Invalid argument
cc1.exe: error: D:/00_STM32/STM32F103/stm32f103_fw_?⒋⒋∑?⒋?12/stm32f103_fw/src/lib/cube_f103/USB_DEVICE/Target: Invalid argument
make: *** [src/lib/cube_f103/USB_DEVICE/Target/subdir.mk:19: src/lib/cube_f103/USB_DEVICE/Target/usbd_conf.o] Error 1
cc1.exe: error: D:/00_STM32/STM32F103/stm32f103_fw_?⒋⒋∑?⒋?12/stm32f103_fw/src: Invalid argument
cc1.exe: error: D:/00_STM32/STM32F103/stm32f103_fw_?⒋⒋∑?⒋?12/stm32f103_fw/src/common/hw/Include: Invalid argument
cc1.exe: error: D:/00_STM32/STM32F103/stm32f103_fw_?⒋⒋∑?⒋?12/stm32f103_fw/src/ap: Invalid argument
cc1.exe: error: D:/00_STM32/STM32F103/stm32f103_fw_?⒋⒋∑?⒋?12/stm32f103_fw/src/bsp: Invalid argument
cc1.exe: error: D:/00_STM32/STM32F103/stm32f103_fw_?⒋⒋∑?⒋?12/stm32f103_fw/src/common: Invalid argument
cc1.exe: error: D:/00_STM32/STM32F103/stm32f103_fw_?⒋⒋∑?⒋?12/stm32f103_fw/src/common/core: Invalid argument
cc1.exe: error: D:/00_STM32/STM32F103/stm32f103_fw_?⒋⒋∑?⒋?12/stm32f103_fw/src/hw: Invalid argument
cc1.exe: error: D:/00_STM32/STM32F103/stm32f103_fw_?⒋⒋∑?⒋?12/stm32f103_fw/src/lib: Invalid argument
cc1.exe: error: D:/00_STM32/STM32F103/stm32f103_fw_?⒋⒋∑?⒋?12/stm32f103_fw/src/lib/cube_f103/Drivers/CMSIS/Device/ST/STM32F1xx/Include: Invalid argument
cc1.exe: error: D:/00_STM32/STM32F103/stm32f103_fw_?⒋⒋∑?⒋?12/stm32f103_fw/src/lib/cube_f103/Drivers/CMSIS/Include: Invalid argument
cc1.exe: error: D:/00_STM32/STM32F103/stm32f103_fw_?⒋⒋∑?⒋?12/stm32f103_fw/src/lib/cube_f103/Drivers/STM32F1xx_HAL_Driver/Inc: Invalid argument
cc1.exe: error: D:/00_STM32/STM32F103/stm32f103_fw_?⒋⒋∑?⒋?12/stm32f103_fw/src/lib/cube_f103/Middlewares/ST/STM32_USB_Device_Library/Class/CDC/Inc: Invalid argument
cc1.exe: error: D:/00_STM32/STM32F103/stm32f103_fw_?⒋⒋∑?⒋?12/stm32f103_fw/src/lib/cube_f103/Middlewares/ST/STM32_USB_Device_Library/Core/Inc: Invalid argument
cc1.exe: error: D:/00_STM32/STM32F103/stm32f103_fw_?⒋⒋∑?⒋?12/stm32f103_fw/src/lib/cube_f103/USB_DEVICE/App: Invalid argument
cc1.exe: error: D:/00_STM32/STM32F103/stm32f103_fw_?⒋⒋∑?⒋?12/stm32f103_fw/src/lib/cube_f103/USB_DEVICE/Target: Invalid argument
make: *** [src/lib/cube_f103/USB_DEVICE/App/subdir.mk:25: src/lib/cube_f103/USB_DEVICE/App/usbd_desc.o] Error 1
make: *** [src/lib/cube_f103/USB_DEVICE/App/subdir.mk:25: src/lib/cube_f103/USB_DEVICE/App/usbd_cdc_if.o] Error 1
make: *** [src/lib/cube_f103/USB_DEVICE/App/subdir.mk:25: src/lib/cube_f103/USB_DEVICE/App/usb_device.o] Error 1
make: *** [src/lib/cube_f103/Middlewares/ST/STM32_USB_Device_Library/Core/Src/subdir.mk:25: src/lib/cube_f103/Middlewares/ST/STM32_USB_Device_Library/Core/Src/usbd_core.o] Error 1
make: *** [src/lib/cube_f103/Middlewares/ST/STM32_USB_Device_Library/Core/Src/subdir.mk:25: src/lib/cube_f103/Middlewares/ST/STM32_USB_Device_Library/Core/Src/usbd_ioreq.o] Error 1
cc1.exe: error: D:/00_STM32/STM32F103/stm32f103_fw_?⒋⒋∑?⒋?12/stm32f103_fw/src: Invalid argument
cc1.exe: error: D:/00_STM32/STM32F103/stm32f103_fw_?⒋⒋∑?⒋?12/stm32f103_fw/src/common/hw/Include: Invalid argument
cc1.exe: error: D:/00_STM32/STM32F103/stm32f103_fw_?⒋⒋∑?⒋?12/stm32f103_fw/src/ap: Invalid argument
cc1.exe: error: D:/00_STM32/STM32F103/stm32f103_fw_?⒋⒋∑?⒋?12/stm32f103_fw/src/bsp: Invalid argument
cc1.exe: error: D:/00_STM32/STM32F103/stm32f103_fw_?⒋⒋∑?⒋?12/stm32f103_fw/src/common: Invalid argument
cc1.exe: error: D:/00_STM32/STM32F103/stm32f103_fw_?⒋⒋∑?⒋?12/stm32f103_fw/src/common/core: Invalid argument
cc1.exe: error: D:/00_STM32/STM32F103/stm32f103_fw_?⒋⒋∑?⒋?12/stm32f103_fw/src/hw: Invalid argument
cc1.exe: error: D:/00_STM32/STM32F103/stm32f103_fw_?⒋⒋∑?⒋?12/stm32f103_fw/src/lib: Invalid argument
cc1.exe: error: D:/00_STM32/STM32F103/stm32f103_fw_?⒋⒋∑?⒋?12/stm32f103_fw/src/lib/cube_f103/Drivers/CMSIS/Device/ST/STM32F1xx/Include: Invalid argument
cc1.exe: error: D:/00_STM32/STM32F103/stm32f103_fw_?⒋⒋∑?⒋?12/stm32f103_fw/src/lib/cube_f103/Drivers/CMSIS/Include: Invalid argument
cc1.exe: error: D:/00_STM32/STM32F103/stm32f103_fw_?⒋⒋∑?⒋?12/stm32f103_fw/src/lib/cube_f103/Drivers/STM32F1xx_HAL_Driver/Inc: Invalid argument
cc1.exe: error: D:/00_STM32/STM32F103/stm32f103_fw_?⒋⒋∑?⒋?12/stm32f103_fw/src/lib/cube_f103/Middlewares/ST/STM32_USB_Device_Library/Class/CDC/Inc: Invalid argument
cc1.exe: error: D:/00_STM32/STM32F103/stm32f103_fw_?⒋⒋∑?⒋?12/stm32f103_fw/src/lib/cube_f103/Middlewares/ST/STM32_USB_Device_Library/Core/Inc: Invalid argument
cc1.exe: error: D:/00_STM32/STM32F103/stm32f103_fw_?⒋⒋∑?⒋?12/stm32f103_fw/src/lib/cube_f103/USB_DEVICE/App: Invalid argument
cc1.exe: error: D:/00_STM32/STM32F103/stm32f103_fw_?⒋⒋∑?⒋?12/stm32f103_fw/src/lib/cube_f103/USB_DEVICE/Target: Invalid argument
make: *** [src/lib/cube_f103/Middlewares/ST/STM32_USB_Device_Library/Class/CDC/Src/subdir.mk:19: src/lib/cube_f103/Middlewares/ST/STM32_USB_Device_Library/Class/CDC/Src/usbd_cdc.o] Error 1
"make -j8 all" terminated with exit code 2. Build might be incomplete.

16:40:19 Build Failed. 9 errors, 0 warnings. (took 778ms)

